<?xml version="1.0" encoding="UTF-8"?>
<testsuite name="test_Components" tests="6" skipped="0" failures="0" errors="0" timestamp="2022-01-08T21:34:48" hostname="LAPTOP-T1FUMB4N" time="0.006">
  <properties/>
  <testcase name="test_pirates()" classname="test_Components" time="0.0"/>
  <testcase name="test_borders()" classname="test_Components" time="0.001"/>
  <testcase name="test_key()" classname="test_Components" time="0.0"/>
  <testcase name="test_biscuits()" classname="test_Components" time="0.0"/>
  <testcase name="test_jack_the_sparrow()" classname="test_Components" time="0.0"/>
  <testcase name="test_princess()" classname="test_Components" time="0.0"/>
  <system-out><![CDATA[]]></system-out>
  <system-err><![CDATA[]]></system-err>
</testsuite>
